NOTE: For performance reason, only checked security under glitch-robust model.
NOTE: Please execute all checks in folder `security verification` to ensure comprehensive security.

PXT: Protect X-coordinate Theta, x-coordinate of theta input used as randomness
PX0: Protect X-coordinate no.0, first chi input protected by COTG
PX1: Protect X-coordinate no.1, second chi input protected by COTG
PX0I: Protect X-coordinate no.0 xored with Inner-domain products (=1) or cross-domain products (=0)
PX1I: Protect X-coordinate no.1 xored with Inner-domain products (=1) or cross-domain products (=0)
X0: X-coordinate no.0 of chi input used as randomness (COTG)
X1: X-coordinate no.1 of chi input used as randomness (COTG)
OFF: OFFset of COTG
FIR: Number of leaks in the FIRst round
COM: Number of leaks in the COMplete round
CT: Number of non-uniform regarding Chi input and Theta input
TM: Too Many leaks
TL: Too Long leak list to check

PXT PX0 PX1 PX0I PX1I X0 X1 OFF	FIR	COM	CT
0	0	1	1	 1	  0	 1	1	0	TM:52
0	0	1	1	 1	  1	 0	1	0	TM:99
0	0	1	0	 1	  0	 1	1	0	TM:82
0	0	1	0	 1	  1	 0	1	0	TM:96
1	0	1	0	 1	  0	 1	1	0	TM:89
1	0	1	0	 1	  1	 0	1	0	TM:99
1	0	1	0	 0	  0	 1	1	0	TM:107
1	0	1	0	 0	  1	 0	1	0	TM:99
3	0	1	0	 1	  0	 1	1	0	TM:82
3	0	1	0	 1	  1	 0	1	0	TM:96
3	0	1	0	 0	  0	 1	1	0	TM:105
3	0	1	0	 0	  1	 0	1	0	TM:96
3	3	2	0	 0	  3	 2	1	0	TM:74
3	3	2	0	 0	  2	 3	1	0	TM:91
3	3	2	0	 1	  3	 2	1	0	TM:74
3	3	2	0	 1	  2	 3	1	0	TM:87
3	3	2	1	 0	  3	 2	1	0	TM:82
3	3	2	1	 0	  2	 3	1	0	TM:86
3	3	2	1	 1	  3	 2	1	0	TL:6
3	3	2	1	 1	  2	 3	1	0	TM:83
3	3	4	0	 0	  3	 4	1	0	TM:72
3	3	4	0	 0	  4	 3	1	0	TM:68
3	3	4	0	 1	  3	 4	1	0	TM:68
3	3	4	0	 1	  4	 3	1	0	TM:68
3	3	4	1	 0	  3	 4	1	0	TM:74
3	3	4	1	 0	  4	 3	1	0	TM:68
3	3	4	1	 1	  3	 4	1	0	4	0
3	3	4	1	 1	  4	 3	1	0	TM:68
0	0	1	1	 1	  0	 1	2	0	TM:56
0	0	1	1	 1	  1	 0	2	0	TM:70
0	0	1	0	 1	  0	 1	2	0	TM:75
0	0	1	0	 1	  1	 0	2	0	TM:70
1	0	1	0	 1	  0	 1	2	0	TM:84
1	0	1	0	 1	  1	 0	2	0	TM:71
1	0	1	0	 0	  0	 1	2	0	TM:96
1	0	1	0	 0	  1	 0	2	0	TM:71
3	0	1	0	 1	  0	 1	2	0	TM:75
3	0	1	0	 1	  1	 0	2	0	TM:70
3	0	1	0	 0	  0	 1	2	0	TM:95
3	0	1	0	 0	  1	 0	2	0	TM:70
3	3	2	0	 0	  3	 2	2	0	TM:75
3	3	2	0	 0	  2	 3	2	0	TM:78
3	3	2	0	 1	  3	 2	2	0	TM:62
3	3	2	0	 1	  2	 3	2	0	TM:67
3	3	2	1	 0	  3	 2	2	0	TM:78
3	3	2	1	 0	  2	 3	2	0	TM:65
3	3	2	1	 1	  3	 2	2	0	11	0
3	3	2	1	 1	  2	 3	2	0	TM:53
3	3	4	0	 0	  3	 4	2	0	TM:58
3	3	4	0	 0	  4	 3	2	0	TM:58
3	3	4	0	 1	  3	 4	2	0	TM:54
3	3	4	0	 1	  4	 3	2	0	TM:58
3	3	4	1	 0	  3	 4	2	0	TM:61
3	3	4	1	 0	  4	 3	2	0	TM:58
3	3	4	1	 1	  3	 4	2	0	2	0
3	3	4	1	 1	  4	 3	2	0	TM:58
0	0	1	1	 1	  0	 1	3	0	7	0
0	0	1	1	 1	  1	 0	3	0	TM:51
0	0	1	0	 1	  0	 1	3	0	TM:64
0	0	1	0	 1	  1	 0	3	0	TM:51
1	0	1	0	 1	  0	 1	3	0	TM:74
1	0	1	0	 1	  1	 0	3	0	TM:53
1	0	1	0	 0	  0	 1	3	0	TM:84
1	0	1	0	 0	  1	 0	3	0	TM:57
3	0	1	0	 1	  0	 1	3	0	TM:64
3	0	1	0	 1	  1	 0	3	0	TM:51
3	0	1	0	 0	  0	 1	3	0	TM:82
3	0	1	0	 0	  1	 0	3	0	TM:55
3	3	2	0	 0	  3	 2	3	0	TM:81
3	3	2	0	 0	  2	 3	3	0	TM:72
3	3	2	0	 1	  3	 2	3	0	TM:70
3	3	2	0	 1	  2	 3	3	0	TM:66
3	3	2	1	 0	  3	 2	3	0	TM:83
3	3	2	1	 0	  2	 3	3	0	TM:66
3	3	2	1	 1	  3	 2	3	0	TM:54
3	3	2	1	 1	  2	 3	3	0	TM:60
3	3	4	0	 0	  3	 4	3	0	TM:82
3	3	4	0	 0	  4	 3	3	0	5	0
3	3	4	0	 1	  3	 4	3	0	TM:74
3	3	4	0	 1	  4	 3	3	0	6	0
3	3	4	1	 0	  3	 4	3	0	TM:86
3	3	4	1	 0	  4	 3	3	0	5	0
3	3	4	1	 1	  3	 4	3	0	TM:60
3	3	4	1	 1	  4	 3	3	0	6	0
0	0	1	1	 1	  0	 1	6	0	TM:60
0	0	1	1	 1	  1	 0	6	0	TM:66
0	0	1	0	 1	  0	 1	6	0	TM:77
0	0	1	0	 1	  1	 0	6	0	TM:68
1	0	1	0	 1	  0	 1	6	0	TM:87
1	0	1	0	 1	  1	 0	6	0	TM:66
1	0	1	0	 0	  0	 1	6	0	TM:93
1	0	1	0	 0	  1	 0	6	0	TM:66
3	0	1	0	 1	  0	 1	6	0	TM:77
3	0	1	0	 1	  1	 0	6	0	TM:64
3	0	1	0	 0	  0	 1	6	0	TM:91
3	0	1	0	 0	  1	 0	6	0	TM:64
3	3	2	0	 0	  3	 2	6	0	TM:55
3	3	2	0	 0	  2	 3	6	0	5	0
3	3	2	0	 1	  3	 2	6	0	TM:55
3	3	2	0	 1	  2	 3	6	0	5	0
3	3	2	1	 0	  3	 2	6	0	TM:62
3	3	2	1	 0	  2	 3	6	0	3	0
3	3	2	1	 1	  3	 2	6	0	3	0
3	3	2	1	 1	  2	 3	6	0	3	0
3	3	4	0	 0	  3	 4	6	0	TM:70
3	3	4	0	 0	  4	 3	6	0	TM:57
3	3	4	0	 1	  3	 4	6	0	TM:66
3	3	4	0	 1	  4	 3	6	0	TM:57
3	3	4	1	 0	  3	 4	6	0	TM:73
3	3	4	1	 0	  4	 3	6	0	TM:53
3	3	4	1	 1	  3	 4	6	0	15	0
3	3	4	1	 1	  4	 3	6	0	TM:53
0	0	1	1	 1	  0	 1	7	0	TM:56
0	0	1	1	 1	  1	 0	7	0	TM:67
0	0	1	0	 1	  0	 1	7	0	TM:70
0	0	1	0	 1	  1	 0	7	0	TM:72
1	0	1	0	 1	  0	 1	7	0	TM:76
1	0	1	0	 1	  1	 0	7	0	TM:74
1	0	1	0	 0	  0	 1	7	0	TM:83
1	0	1	0	 0	  1	 0	7	0	TM:74
3	0	1	0	 1	  0	 1	7	0	TM:68
3	0	1	0	 1	  1	 0	7	0	TM:72
3	0	1	0	 0	  0	 1	7	0	TM:81
3	0	1	0	 0	  1	 0	7	0	TM:72
3	3	2	0	 0	  3	 2	7	0	TM:113
3	3	2	0	 0	  2	 3	7	0	TM:83
3	3	2	0	 1	  3	 2	7	0	TM:107
3	3	2	0	 1	  2	 3	7	0	TM:87
3	3	2	1	 0	  3	 2	7	0	TM:100
3	3	2	1	 0	  2	 3	7	0	TM:83
3	3	2	1	 1	  3	 2	7	0	TM:78
3	3	2	1	 1	  2	 3	7	0	TM:87
3	3	4	0	 0	  3	 4	7	0	TM:114
3	3	4	0	 0	  4	 3	7	0	TM:89
3	3	4	0	 1	  3	 4	7	0	TM:107
3	3	4	0	 1	  4	 3	7	0	TM:91
3	3	4	1	 0	  3	 4	7	0	TM:109
3	3	4	1	 0	  4	 3	7	0	TM:84
3	3	4	1	 1	  3	 4	7	0	TM:87
3	3	4	1	 1	  4	 3	7	0	TM:86
0	0	1	1	 1	  0	 1	9	0	11	0
0	0	1	1	 1	  1	 0	9	0	TM:64
0	0	1	0	 1	  0	 1	9	0	TM:66
0	0	1	0	 1	  1	 0	9	0	TM:72
1	0	1	0	 1	  0	 1	9	0	TM:72
1	0	1	0	 1	  1	 0	9	0	TM:74
1	0	1	0	 0	  0	 1	9	0	TM:84
1	0	1	0	 0	  1	 0	9	0	TM:77
3	0	1	0	 1	  0	 1	9	0	TM:66
3	0	1	0	 1	  1	 0	9	0	TM:72
3	0	1	0	 0	  0	 1	9	0	TM:82
3	0	1	0	 0	  1	 0	9	0	TM:75
3	3	2	0	 0	  3	 2	9	0	2	0
3	3	2	0	 0	  2	 3	9	0	2	0
3	3	2	0	 1	  3	 2	9	0	3	0
3	3	2	0	 1	  2	 3	9	0	3	0
3	3	2	1	 0	  3	 2	9	0	TM:54
3	3	2	1	 0	  2	 3	9	0	2	0
3	3	2	1	 1	  3	 2	9	0	3	0
3	3	2	1	 1	  2	 3	9	0	3	0
3	3	4	0	 0	  3	 4	9	0	TM:76
3	3	4	0	 0	  4	 3	9	0	TM:62
3	3	4	0	 1	  3	 4	9	0	TM:69
3	3	4	0	 1	  4	 3	9	0	TM:60
3	3	4	1	 0	  3	 4	9	0	TM:80
3	3	4	1	 0	  4	 3	9	0	TM:62
3	3	4	1	 1	  3	 4	9	0	TM:53
3	3	4	1	 1	  4	 3	9	0	TM:60
0	0	1	1	 1	  0	 1	11	0	0	0
0	0	1	1	 1	  1	 0	11	0	2	0
0	0	1	0	 1	  0	 1	11	0	4	0
0	0	1	0	 1	  1	 0	11	0	2	0
1	0	1	0	 1	  0	 1	11	0	TM:52
1	0	1	0	 1	  1	 0	11	0	12	0
1	0	1	0	 0	  0	 1	11	0	TM:58
1	0	1	0	 0	  1	 0	11	0	12	0
3	0	1	0	 1	  0	 1	11	0	5	0
3	0	1	0	 1	  1	 0	11	0	5	0
3	0	1	0	 0	  0	 1	11	0	TM:56
3	0	1	0	 0	  1	 0	11	0	5	0
3	3	2	0	 0	  3	 2	11	0	TM:78
3	3	2	0	 0	  2	 3	11	0	TM:75
3	3	2	0	 1	  3	 2	11	0	TM:71
3	3	2	0	 1	  2	 3	11	0	TM:65
3	3	2	1	 0	  3	 2	11	0	TM:79
3	3	2	1	 0	  2	 3	11	0	TM:75
3	3	2	1	 1	  3	 2	11	0	TM:58
3	3	2	1	 1	  2	 3	11	0	TM:65
3	3	4	0	 0	  3	 4	11	0	TM:104
3	3	4	0	 0	  4	 3	11	0	TM:81
3	3	4	0	 1	  3	 4	11	0	TM:84
3	3	4	0	 1	  4	 3	11	0	TM:78
3	3	4	1	 0	  3	 4	11	0	TM:97
3	3	4	1	 0	  4	 3	11	0	TM:74
3	3	4	1	 1	  3	 4	11	0	TM:68
3	3	4	1	 1	  4	 3	11	0	TM:70
0	0	1	1	 1	  0	 1	13	0	12	0
0	0	1	1	 1	  1	 0	13	0	TM:62
0	0	1	0	 1	  0	 1	13	0	TM:64
0	0	1	0	 1	  1	 0	13	0	TM:64
1	0	1	0	 1	  0	 1	13	0	TM:74
1	0	1	0	 1	  1	 0	13	0	TM:66
1	0	1	0	 0	  0	 1	13	0	TM:79
1	0	1	0	 0	  1	 0	13	0	TM:66
3	0	1	0	 1	  0	 1	13	0	TM:64
3	0	1	0	 1	  1	 0	13	0	TM:64
3	0	1	0	 0	  0	 1	13	0	TM:77
3	0	1	0	 0	  1	 0	13	0	TM:64
3	3	2	0	 0	  3	 2	13	0	TM:58
3	3	2	0	 0	  2	 3	13	0	0	0
3	3	2	0	 1	  3	 2	13	0	TM:55
3	3	2	0	 1	  2	 3	13	0	1	0
3	3	2	1	 0	  3	 2	13	0	TM:59
3	3	2	1	 0	  2	 3	13	0	0	0
3	3	2	1	 1	  3	 2	13	0	9	0
3	3	2	1	 1	  2	 3	13	0	1	0
3	3	4	0	 0	  3	 4	13	0	TM:74
3	3	4	0	 0	  4	 3	13	0	9	0
3	3	4	0	 1	  3	 4	13	0	TM:64
3	3	4	0	 1	  4	 3	13	0	9	0
3	3	4	1	 0	  3	 4	13	0	TM:70
3	3	4	1	 0	  4	 3	13	0	9	0
3	3	4	1	 1	  3	 4	13	0	8	0
3	3	4	1	 1	  4	 3	13	0	9	0
0	0	1	1	 1	  0	 1	14	0	2	0
0	0	1	1	 1	  1	 0	14	0	TM:61
0	0	1	0	 1	  0	 1	14	0	TM:65
0	0	1	0	 1	  1	 0	14	0	TM:61
1	0	1	0	 1	  0	 1	14	0	TM:74
1	0	1	0	 1	  1	 0	14	0	TM:63
1	0	1	0	 0	  0	 1	14	0	TM:81
1	0	1	0	 0	  1	 0	14	0	TM:65
3	0	1	0	 1	  0	 1	14	0	TM:65
3	0	1	0	 1	  1	 0	14	0	TM:61
3	0	1	0	 0	  0	 1	14	0	TM:79
3	0	1	0	 0	  1	 0	14	0	TM:63
3	3	2	0	 0	  3	 2	14	0	TM:60
3	3	2	0	 0	  2	 3	14	0	3	0
3	3	2	0	 1	  3	 2	14	0	TM:52
3	3	2	0	 1	  2	 3	14	0	3	0
3	3	2	1	 0	  3	 2	14	0	TM:61
3	3	2	1	 0	  2	 3	14	0	3	0
3	3	2	1	 1	  3	 2	14	0	3	0
3	3	2	1	 1	  2	 3	14	0	3	0
3	3	4	0	 0	  3	 4	14	0	TM:87
3	3	4	0	 0	  4	 3	14	0	TM:76
3	3	4	0	 1	  3	 4	14	0	TM:75
3	3	4	0	 1	  4	 3	14	0	TM:76
3	3	4	1	 0	  3	 4	14	0	TM:83
3	3	4	1	 0	  4	 3	14	0	TM:78
3	3	4	1	 1	  3	 4	14	0	TM:55
3	3	4	1	 1	  4	 3	14	0	TM:78
0	0	1	1	 1	  0	 1	17	0	TM:70
0	0	1	1	 1	  1	 0	17	0	TM:84
0	0	1	0	 1	  0	 1	17	0	TM:90
0	0	1	0	 1	  1	 0	17	0	TM:84
1	0	1	0	 1	  0	 1	17	0	TM:98
1	0	1	0	 1	  1	 0	17	0	TM:87
1	0	1	0	 0	  0	 1	17	0	TM:113
1	0	1	0	 0	  1	 0	17	0	TM:87
3	0	1	0	 1	  0	 1	17	0	TM:90
3	0	1	0	 1	  1	 0	17	0	TM:86
3	0	1	0	 0	  0	 1	17	0	TM:110
3	0	1	0	 0	  1	 0	17	0	TM:86
3	3	2	0	 0	  3	 2	17	0	TM:109
3	3	2	0	 0	  2	 3	17	0	TM:84
3	3	2	0	 1	  3	 2	17	0	TM:88
3	3	2	0	 1	  2	 3	17	0	TM:74
3	3	2	1	 0	  3	 2	17	0	TM:105
3	3	2	1	 0	  2	 3	17	0	TM:84
3	3	2	1	 1	  3	 2	17	0	TM:68
3	3	2	1	 1	  2	 3	17	0	TM:74
3	3	4	0	 0	  3	 4	17	0	TM:111
3	3	4	0	 0	  4	 3	17	0	TM:90
3	3	4	0	 1	  3	 4	17	0	TM:99
3	3	4	0	 1	  4	 3	17	0	TM:90
3	3	4	1	 0	  3	 4	17	0	TM:105
3	3	4	1	 0	  4	 3	17	0	TM:90
3	3	4	1	 1	  3	 4	17	0	TM:75
3	3	4	1	 1	  4	 3	17	0	TM:90
0	0	1	1	 1	  0	 1	18	0	6	0
0	0	1	1	 1	  1	 0	18	0	TM:65
0	0	1	0	 1	  0	 1	18	0	TM:65
0	0	1	0	 1	  1	 0	18	0	TM:65
1	0	1	0	 1	  0	 1	18	0	TM:76
1	0	1	0	 1	  1	 0	18	0	TM:67
1	0	1	0	 0	  0	 1	18	0	TM:87
1	0	1	0	 0	  1	 0	18	0	TM:67
3	0	1	0	 1	  0	 1	18	0	TM:65
3	0	1	0	 1	  1	 0	18	0	TM:65
3	0	1	0	 0	  0	 1	18	0	TM:85
3	0	1	0	 0	  1	 0	18	0	TM:65
3	3	2	0	 0	  3	 2	18	0	TM:84
3	3	2	0	 0	  2	 3	18	0	TM:60
3	3	2	0	 1	  3	 2	18	0	TM:82
3	3	2	0	 1	  2	 3	18	0	TM:58
3	3	2	1	 0	  3	 2	18	0	TM:80
3	3	2	1	 0	  2	 3	18	0	TM:60
3	3	2	1	 1	  3	 2	18	0	TM:58
3	3	2	1	 1	  2	 3	18	0	TM:58
3	3	4	0	 0	  3	 4	18	0	TM:80
3	3	4	0	 0	  4	 3	18	0	TM:67
3	3	4	0	 1	  3	 4	18	0	TM:76
3	3	4	0	 1	  4	 3	18	0	TM:67
3	3	4	1	 0	  3	 4	18	0	TM:80
3	3	4	1	 0	  4	 3	18	0	TM:66
3	3	4	1	 1	  3	 4	18	0	TM:57
3	3	4	1	 1	  4	 3	18	0	TM:66
0	0	1	1	 1	  0	 1	19	0	4	0
0	0	1	1	 1	  1	 0	19	0	TM:57
0	0	1	0	 1	  0	 1	19	0	TM:51
0	0	1	0	 1	  1	 0	19	0	TM:58
1	0	1	0	 1	  0	 1	19	0	TM:62
1	0	1	0	 1	  1	 0	19	0	TM:60
1	0	1	0	 0	  0	 1	19	0	TM:76
1	0	1	0	 0	  1	 0	19	0	TM:63
3	0	1	0	 1	  0	 1	19	0	TM:51
3	0	1	0	 1	  1	 0	19	0	TM:58
3	0	1	0	 0	  0	 1	19	0	TM:75
3	0	1	0	 0	  1	 0	19	0	TM:62
3	3	2	0	 0	  3	 2	19	0	TM:73
3	3	2	0	 0	  2	 3	19	0	0	0
3	3	2	0	 1	  3	 2	19	0	TM:65
3	3	2	0	 1	  2	 3	19	0	0	0
3	3	2	1	 0	  3	 2	19	0	TM:81
3	3	2	1	 0	  2	 3	19	0	0	0
3	3	2	1	 1	  3	 2	19	0	TM:52
3	3	2	1	 1	  2	 3	19	0	0	0
3	3	4	0	 0	  3	 4	19	0	TM:65
3	3	4	0	 0	  4	 3	19	0	TM:59
3	3	4	0	 1	  3	 4	19	0	TM:61
3	3	4	0	 1	  4	 3	19	0	TM:59
3	3	4	1	 0	  3	 4	19	0	TM:69
3	3	4	1	 0	  4	 3	19	0	TM:53
3	3	4	1	 1	  3	 4	19	0	8	0
3	3	4	1	 1	  4	 3	19	0	TM:53
0	0	1	1	 1	  0	 1	21	0	TM:59
0	0	1	1	 1	  1	 0	21	0	TM:82
0	0	1	0	 1	  0	 1	21	0	TM:86
0	0	1	0	 1	  1	 0	21	0	TM:87
1	0	1	0	 1	  0	 1	21	0	TM:96
1	0	1	0	 1	  1	 0	21	0	TM:88
1	0	1	0	 0	  0	 1	21	0	TM:105
1	0	1	0	 0	  1	 0	21	0	TM:90
3	0	1	0	 1	  0	 1	21	0	TM:85
3	0	1	0	 1	  1	 0	21	0	TM:86
3	0	1	0	 0	  0	 1	21	0	TM:102
3	0	1	0	 0	  1	 0	21	0	TM:88
3	3	2	0	 0	  3	 2	21	0	TM:73
3	3	2	0	 0	  2	 3	21	0	TM:59
3	3	2	0	 1	  3	 2	21	0	TM:68
3	3	2	0	 1	  2	 3	21	0	7	0
3	3	2	1	 0	  3	 2	21	0	TM:79
3	3	2	1	 0	  2	 3	21	0	TM:58
3	3	2	1	 1	  3	 2	21	0	TM:52
3	3	2	1	 1	  2	 3	21	0	7	0
3	3	4	0	 0	  3	 4	21	0	TM:114
3	3	4	0	 0	  4	 3	21	0	TM:74
3	3	4	0	 1	  3	 4	21	0	TM:93
3	3	4	0	 1	  4	 3	21	0	TM:74
3	3	4	1	 0	  3	 4	21	0	TM:103
3	3	4	1	 0	  4	 3	21	0	TM:74
3	3	4	1	 1	  3	 4	21	0	TM:73
3	3	4	1	 1	  4	 3	21	0	TM:74
0	0	1	1	 1	  0	 1	22	0	TM:69
0	0	1	1	 1	  1	 0	22	0	TM:84
0	0	1	0	 1	  0	 1	22	0	TM:92
0	0	1	0	 1	  1	 0	22	0	TM:90
1	0	1	0	 1	  0	 1	22	0	TM:100
1	0	1	0	 1	  1	 0	22	0	TM:92
1	0	1	0	 0	  0	 1	22	0	TM:109
1	0	1	0	 0	  1	 0	22	0	TM:96
3	0	1	0	 1	  0	 1	22	0	TM:94
3	0	1	0	 1	  1	 0	22	0	TM:90
3	0	1	0	 0	  0	 1	22	0	TM:109
3	0	1	0	 0	  1	 0	22	0	TM:94
3	3	2	0	 0	  3	 2	22	0	TM:93
3	3	2	0	 0	  2	 3	22	0	TM:63
3	3	2	0	 1	  3	 2	22	0	TM:79
3	3	2	0	 1	  2	 3	22	0	TM:58
3	3	2	1	 0	  3	 2	22	0	TM:82
3	3	2	1	 0	  2	 3	22	0	TM:63
3	3	2	1	 1	  3	 2	22	0	TM:57
3	3	2	1	 1	  2	 3	22	0	TM:58
3	3	4	0	 0	  3	 4	22	0	TM:119
3	3	4	0	 0	  4	 3	22	0	TM:88
3	3	4	0	 1	  3	 4	22	0	TM:103
3	3	4	0	 1	  4	 3	22	0	TM:88
3	3	4	1	 0	  3	 4	22	0	TM:104
3	3	4	1	 0	  4	 3	22	0	TM:83
3	3	4	1	 1	  3	 4	22	0	TM:81
3	3	4	1	 1	  4	 3	22	0	TM:83
0	0	1	1	 1	  0	 1	23	0	TM:62
0	0	1	1	 1	  1	 0	23	0	TM:83
0	0	1	0	 1	  0	 1	23	0	TM:80
0	0	1	0	 1	  1	 0	23	0	TM:83
1	0	1	0	 1	  0	 1	23	0	TM:88
1	0	1	0	 1	  1	 0	23	0	TM:87
1	0	1	0	 0	  0	 1	23	0	TM:98
1	0	1	0	 0	  1	 0	23	0	TM:87
3	0	1	0	 1	  0	 1	23	0	TM:80
3	0	1	0	 1	  1	 0	23	0	TM:83
3	0	1	0	 0	  0	 1	23	0	TM:96
3	0	1	0	 0	  1	 0	23	0	TM:85
3	3	2	0	 0	  3	 2	23	0	TM:121
3	3	2	0	 0	  2	 3	23	0	TM:114
3	3	2	0	 1	  3	 2	23	0	TM:112
3	3	2	0	 1	  2	 3	23	0	TM:104
3	3	2	1	 0	  3	 2	23	0	TM:115
3	3	2	1	 0	  2	 3	23	0	TM:106
3	3	2	1	 1	  3	 2	23	0	TM:92
3	3	2	1	 1	  2	 3	23	0	TM:96
3	3	4	0	 0	  3	 4	23	0	TM:109
3	3	4	0	 0	  4	 3	23	0	TM:79
3	3	4	0	 1	  3	 4	23	0	TM:101
3	3	4	0	 1	  4	 3	23	0	TM:79
3	3	4	1	 0	  3	 4	23	0	TM:102
3	3	4	1	 0	  4	 3	23	0	TM:71
3	3	4	1	 1	  3	 4	23	0	TM:77
3	3	4	1	 1	  4	 3	23	0	TM:71
0	0	1	1	 1	  0	 1	26	0	TM:58
0	0	1	1	 1	  1	 0	26	0	TM:67
0	0	1	0	 1	  0	 1	26	0	TM:74
0	0	1	0	 1	  1	 0	26	0	TM:73
1	0	1	0	 1	  0	 1	26	0	TM:89
1	0	1	0	 1	  1	 0	26	0	TM:77
1	0	1	0	 0	  0	 1	26	0	TM:97
1	0	1	0	 0	  1	 0	26	0	TM:77
3	0	1	0	 1	  0	 1	26	0	TM:74
3	0	1	0	 1	  1	 0	26	0	TM:73
3	0	1	0	 0	  0	 1	26	0	TM:92
3	0	1	0	 0	  1	 0	26	0	TM:73
3	3	2	0	 0	  3	 2	26	0	TM:71
3	3	2	0	 0	  2	 3	26	0	TM:67
3	3	2	0	 1	  3	 2	26	0	TM:71
3	3	2	0	 1	  2	 3	26	0	TM:67
3	3	2	1	 0	  3	 2	26	0	TM:70
3	3	2	1	 0	  2	 3	26	0	TM:67
3	3	2	1	 1	  3	 2	26	0	10	0
3	3	2	1	 1	  2	 3	26	0	TM:67
3	3	4	0	 0	  3	 4	26	0	TM:94
3	3	4	0	 0	  4	 3	26	0	TM:54
3	3	4	0	 1	  3	 4	26	0	TM:87
3	3	4	0	 1	  4	 3	26	0	7	0
3	3	4	1	 0	  3	 4	26	0	TM:83
3	3	4	1	 0	  4	 3	26	0	TM:54
3	3	4	1	 1	  3	 4	26	0	TM:62
3	3	4	1	 1	  4	 3	26	0	7	0
0	0	1	1	 1	  0	 1	27	0	2	0
0	0	1	1	 1	  1	 0	27	0	3	0
0	0	1	0	 1	  0	 1	27	0	TM:53
0	0	1	0	 1	  1	 0	27	0	TM:55
1	0	1	0	 1	  0	 1	27	0	TM:63
1	0	1	0	 1	  1	 0	27	0	TM:57
1	0	1	0	 0	  0	 1	27	0	TM:71
1	0	1	0	 0	  1	 0	27	0	TM:61
3	0	1	0	 1	  0	 1	27	0	TM:53
3	0	1	0	 1	  1	 0	27	0	TM:55
3	0	1	0	 0	  0	 1	27	0	TM:69
3	0	1	0	 0	  1	 0	27	0	TM:59
3	3	2	0	 0	  3	 2	27	0	TM:73
3	3	2	0	 0	  2	 3	27	0	TM:57
3	3	2	0	 1	  3	 2	27	0	TM:63
3	3	2	0	 1	  2	 3	27	0	TM:57
3	3	2	1	 0	  3	 2	27	0	TM:70
3	3	2	1	 0	  2	 3	27	0	5	0
3	3	2	1	 1	  3	 2	27	0	8	0
3	3	2	1	 1	  2	 3	27	0	7	0
3	3	4	0	 0	  3	 4	27	0	TM:62
3	3	4	0	 0	  4	 3	27	0	2	0
3	3	4	0	 1	  3	 4	27	0	TM:58
3	3	4	0	 1	  4	 3	27	0	1	0
3	3	4	1	 0	  3	 4	27	0	TM:62
3	3	4	1	 0	  4	 3	27	0	2	0
3	3	4	1	 1	  3	 4	27	0	0	0
3	3	4	1	 1	  4	 3	27	0	1	0
0	0	1	1	 1	  0	 1	29	0	TM:54
0	0	1	1	 1	  1	 0	29	0	TM:51
0	0	1	0	 1	  0	 1	29	0	TM:69
0	0	1	0	 1	  1	 0	29	0	TM:51
1	0	1	0	 1	  0	 1	29	0	TM:77
1	0	1	0	 1	  1	 0	29	0	TM:53
1	0	1	0	 0	  0	 1	29	0	TM:91
1	0	1	0	 0	  1	 0	29	0	TM:60
3	0	1	0	 1	  0	 1	29	0	TM:69
3	0	1	0	 1	  1	 0	29	0	TM:51
3	0	1	0	 0	  0	 1	29	0	TM:89
3	0	1	0	 0	  1	 0	29	0	TM:58
3	3	2	0	 0	  3	 2	29	0	TM:104
3	3	2	0	 0	  2	 3	29	0	TM:68
3	3	2	0	 1	  3	 2	29	0	TM:84
3	3	2	0	 1	  2	 3	29	0	TM:62
3	3	2	1	 0	  3	 2	29	0	TM:92
3	3	2	1	 0	  2	 3	29	0	TM:68
3	3	2	1	 1	  3	 2	29	0	TM:63
3	3	2	1	 1	  2	 3	29	0	TM:62
3	3	4	0	 0	  3	 4	29	0	TM:92
3	3	4	0	 0	  4	 3	29	0	TM:58
3	3	4	0	 1	  3	 4	29	0	TM:80
3	3	4	0	 1	  4	 3	29	0	TM:58
3	3	4	1	 0	  3	 4	29	0	TM:80
3	3	4	1	 0	  4	 3	29	0	TM:58
3	3	4	1	 1	  3	 4	29	0	TM:56
3	3	4	1	 1	  4	 3	29	0	TM:58
0	0	1	1	 1	  0	 1	31	0	3	0
0	0	1	1	 1	  1	 0	31	0	8	0
0	0	1	0	 1	  0	 1	31	0	7	0
0	0	1	0	 1	  1	 0	31	0	8	0
1	0	1	0	 1	  0	 1	31	0	TM:54
1	0	1	0	 1	  1	 0	31	0	12	0
1	0	1	0	 0	  0	 1	31	0	TM:62
1	0	1	0	 0	  1	 0	31	0	12	0
3	0	1	0	 1	  0	 1	31	0	7	0
3	0	1	0	 1	  1	 0	31	0	8	0
3	0	1	0	 0	  0	 1	31	0	TM:60
3	0	1	0	 0	  1	 0	31	0	6	0
3	3	2	0	 0	  3	 2	31	0	TM:61
3	3	2	0	 0	  2	 3	31	0	TM:51
3	3	2	0	 1	  3	 2	31	0	TM:61
3	3	2	0	 1	  2	 3	31	0	TM:51
3	3	2	1	 0	  3	 2	31	0	TM:68
3	3	2	1	 0	  2	 3	31	0	5	0
3	3	2	1	 1	  3	 2	31	0	11	0
3	3	2	1	 1	  2	 3	31	0	5	0
3	3	4	0	 0	  3	 4	31	0	TM:76
3	3	4	0	 0	  4	 3	31	0	TM:68
3	3	4	0	 1	  3	 4	31	0	TM:66
3	3	4	0	 1	  4	 3	31	0	TM:68
3	3	4	1	 0	  3	 4	31	0	TM:71
3	3	4	1	 0	  4	 3	31	0	TM:64
3	3	4	1	 1	  3	 4	31	0	8	0
3	3	4	1	 1	  4	 3	31	0	TM:64
0	0	1	1	 1	  0	 1	33	0	5	0
0	0	1	1	 1	  1	 0	33	0	8	0
0	0	1	0	 1	  0	 1	33	0	TM:52
0	0	1	0	 1	  1	 0	33	0	8	0
1	0	1	0	 1	  0	 1	33	0	TM:62
1	0	1	0	 1	  1	 0	33	0	10	0
1	0	1	0	 0	  0	 1	33	0	TM:70
1	0	1	0	 0	  1	 0	33	0	10	0
3	0	1	0	 1	  0	 1	33	0	TM:52
3	0	1	0	 1	  1	 0	33	0	8	0
3	0	1	0	 0	  0	 1	33	0	TM:68
3	0	1	0	 0	  1	 0	33	0	4	0
3	3	2	0	 0	  3	 2	33	0	TM:64
3	3	2	0	 0	  2	 3	33	0	TM:76
3	3	2	0	 1	  3	 2	33	0	TM:64
3	3	2	0	 1	  2	 3	33	0	TM:66
3	3	2	1	 0	  3	 2	33	0	TM:67
3	3	2	1	 0	  2	 3	33	0	TM:70
3	3	2	1	 1	  3	 2	33	0	9	0
3	3	2	1	 1	  2	 3	33	0	TM:62
3	3	4	0	 0	  3	 4	33	0	TM:74
3	3	4	0	 0	  4	 3	33	0	0	0
3	3	4	0	 1	  3	 4	33	0	TM:64
3	3	4	0	 1	  4	 3	33	0	0	0
3	3	4	1	 0	  3	 4	33	0	TM:74
3	3	4	1	 0	  4	 3	33	0	0	0
3	3	4	1	 1	  3	 4	33	0	0	0
3	3	4	1	 1	  4	 3	33	0	0	0
